<?xml version="1.0" encoding="UTF-8"?>
<!-- Generated by org.testng.reporters.JUnitReportReporter -->
<testsuite skipped="0" hostname="IFSCLIENT-58534" name="com.accesshq.web.tests.TestSuite" tests="2" failures="0" timestamp="27 Jul 2022 07:12:55 GMT" time="93.445" errors="0">
  <testcase name="tc_02" time="50.578" classname="com.accesshq.web.tests.TestSuite"/>
  <testcase name="tc_01" time="42.867" classname="com.accesshq.web.tests.TestSuite"/>
</testsuite> <!-- com.accesshq.web.tests.TestSuite -->
